<?xml version="1.0" encoding="UTF-8"?>
<!-- Generated by org.testng.reporters.JUnitReportReporter -->
<testsuite skipped="0" hostname="SAM-DESKTOP" name="com.cucumber.runner.RunnerFile" tests="1" failures="0" timestamp="2022-02-13T20:18:30 EST" time="10.939" errors="0">
  <testcase name="runScenario" time="10.939" classname="com.cucumber.runner.RunnerFile"/>
  <system-out/>
</testsuite> <!-- com.cucumber.runner.RunnerFile -->
